\BOOKMARK [-1][]{ctitle.-1}{\376\377\127\372\116\216\131\047\152\041\127\213\166\204\146\172\200\375\123\315\231\210\174\373\176\337\121\163\225\056\142\200\147\057\170\024\172\166\116\016\136\224\165\050}{}% 1
\BOOKMARK [0][]{section*.2}{\376\377\144\130\000\040\211\201}{ctitle.-1}% 2
\BOOKMARK [0][]{section*.4}{\376\377\000A\000B\000S\000T\000R\000A\000C\000T}{ctitle.-1}% 3
\BOOKMARK [0][]{chapter.1}{\376\377\173\054\116\000\172\340\000\040\176\352\213\272}{ctitle.-1}% 4
\BOOKMARK [1][]{section.1.1}{\376\377\0001\000.\0001\000\040\213\376\230\230\170\024\172\166\166\204\166\356\166\204\124\214\141\017\116\111}{chapter.1}% 5
\BOOKMARK [1][]{section.1.2}{\376\377\0001\000.\0002\000\040\126\375\121\205\131\026\170\024\172\166\151\202\121\265}{chapter.1}% 6
\BOOKMARK [2][-]{subsection.1.2.1}{\376\377\0001\000.\0002\000.\0001\000\040\000R\000A\000G\174\373\176\337\170\024\172\166\151\202\121\265}{section.1.2}% 7
\BOOKMARK [2][-]{subsection.1.2.2}{\376\377\0001\000.\0002\000.\0002\000\040\131\047\152\041\127\213\210\150\150\074\145\160\143\156\143\250\164\006\170\024\172\166\151\202\121\265}{section.1.2}% 8
\BOOKMARK [2][-]{subsection.1.2.3}{\376\377\0001\000.\0002\000.\0003\000\040\122\250\122\233\133\146\145\271\154\325\166\204\152\041\127\213\123\213\177\051\170\024\172\166\151\202\121\265}{section.1.2}% 9
\BOOKMARK [1][]{section.1.3}{\376\377\0001\000.\0003\000\040\213\272\145\207\166\204\116\073\211\201\170\024\172\166\121\205\133\271}{chapter.1}% 10
\BOOKMARK [0][]{chapter.2}{\376\377\173\054\116\214\172\340\000\040\127\372\170\100\123\237\164\006\151\202\217\360}{ctitle.-1}% 11
\BOOKMARK [1][]{section.2.1}{\376\377\0002\000.\0001\000\040\165\037\142\020\137\017\201\352\126\336\137\122\171\136\176\317\177\121\176\334}{chapter.2}% 12
\BOOKMARK [1][]{section.2.2}{\376\377\0002\000.\0002\000\040\143\320\171\072\213\315\133\146\116\140}{chapter.2}% 13
\BOOKMARK [2][-]{subsection.2.2.1}{\376\377\0002\000.\0002\000.\0001\000\040\143\320\171\072\213\315\133\146\116\140\164\006\213\272\127\372\170\100}{section.2.2}% 14
\BOOKMARK [2][-]{subsection.2.2.2}{\376\377\0002\000.\0002\000.\0002\000\040\143\320\171\072\213\315\133\146\116\140\145\271\154\325}{section.2.2}% 15
\BOOKMARK [1][]{section.2.3}{\376\377\0002\000.\0003\000\040\171\136\176\317\177\121\176\334\152\041\127\213\123\213\177\051}{chapter.2}% 16
\BOOKMARK [1][]{section.2.4}{\376\377\0002\000.\0004\000\040\150\300\175\042\130\236\137\072\165\037\142\020}{chapter.2}% 17
\BOOKMARK [1][]{section.2.5}{\376\377\0002\000.\0005\000\040\147\054\172\340\134\017\176\323}{chapter.2}% 18
\BOOKMARK [0][]{chapter.3}{\376\377\173\054\116\011\172\340\000\040\137\252\163\257\171\136\176\317\177\121\176\334\166\204\217\173\221\317\123\026\123\213\177\051}{ctitle.-1}% 19
\BOOKMARK [1][]{section.3.1}{\376\377\0003\000.\0001\000\040\225\356\230\230\143\317\217\360}{chapter.3}% 20
\BOOKMARK [1][]{section.3.2}{\376\377\0003\000.\0002\000\040\147\054\137\201\153\143\116\244\122\006\211\343\154\325}{chapter.3}% 21
\BOOKMARK [1][]{section.3.3}{\376\377\0003\000.\0003\000\040\122\250\140\001\137\252\163\257\171\136\176\317\177\121\176\334}{chapter.3}% 22
\BOOKMARK [1][]{section.3.4}{\376\377\0003\000.\0004\000\040\133\236\232\214\213\276\177\156}{chapter.3}% 23
\BOOKMARK [1][]{section.3.5}{\376\377\0003\000.\0005\000\040\176\323\147\234\122\006\147\220}{chapter.3}% 24
\BOOKMARK [1][]{section.3.6}{\376\377\0003\000.\0006\000\040\147\054\172\340\134\017\176\323}{chapter.3}% 25
\BOOKMARK [0][]{chapter.4}{\376\377\173\054\126\333\172\340\000\040\127\372\116\216\131\047\152\041\127\213\166\204\210\150\150\074\145\160\143\156\150\300\175\042\130\236\137\072\116\016\143\250\164\006\117\030\123\026}{ctitle.-1}% 26
\BOOKMARK [1][]{section.4.1}{\376\377\0004\000.\0001\000\040\225\356\230\230\143\317\217\360}{chapter.4}% 27
\BOOKMARK [1][]{section.4.2}{\376\377\0004\000.\0002\000\040\210\150\150\074\145\160\143\156\143\250\164\006\150\106\147\266\166\204\144\055\136\372}{chapter.4}% 28
\BOOKMARK [2][-]{subsection.4.2.1}{\376\377\0004\000.\0002\000.\0001\000\040\131\032\176\247\210\150\150\074\145\160\143\156\150\300\175\042\147\204\136\372}{section.4.2}% 29
\BOOKMARK [2][-]{subsection.4.2.2}{\376\377\0004\000.\0002\000.\0002\000\040\137\252\163\257\143\250\164\006\150\106\147\266\147\204\136\372}{section.4.2}% 30
\BOOKMARK [1][]{section.4.3}{\376\377\0004\000.\0003\000\040\123\315\231\210\117\341\140\157\117\030\123\026\133\371\153\324}{chapter.4}% 31
\BOOKMARK [1][]{section.4.4}{\376\377\0004\000.\0004\000\040\147\054\172\340\134\017\176\323}{chapter.4}% 32
\BOOKMARK [0][]{chapter.5}{\376\377\173\054\116\224\172\340\000\040\127\372\116\216\131\047\152\041\127\213\166\204\146\172\200\375\123\315\231\210\116\244\116\222\174\373\176\337\213\276\213\241}{ctitle.-1}% 33
\BOOKMARK [1][]{section.5.1}{\376\377\0005\000.\0001\000\040\174\373\176\337\121\163\225\056\142\200\147\057\150\106\147\266\123\312\136\224\165\050}{chapter.5}% 34
\BOOKMARK [1][]{section.5.2}{\376\377\0005\000.\0002\000\040\000R\000A\000G\146\172\200\375\123\315\231\210\116\244\116\222\122\237\200\375\213\276\213\241}{chapter.5}% 35
\BOOKMARK [2][-]{subsection.5.2.1}{\376\377\0005\000.\0002\000.\0001\000\040\124\021\221\317\145\160\143\156\136\223\166\204\147\204\136\372}{section.5.2}% 36
\BOOKMARK [2][-]{subsection.5.2.2}{\376\377\0005\000.\0002\000.\0002\000\040\210\150\150\074\117\030\123\026\000A\000g\000e\000n\000t\213\276\213\241}{section.5.2}% 37
\BOOKMARK [2][-]{subsection.5.2.3}{\376\377\0005\000.\0002\000.\0003\000\040\220\032\165\050\131\047\152\041\127\213\143\250\164\006\122\237\200\375\213\276\213\241}{section.5.2}% 38
\BOOKMARK [1][]{section.5.3}{\376\377\0005\000.\0003\000\040\167\345\213\306\136\223\122\237\200\375\213\276\213\241}{chapter.5}% 39
\BOOKMARK [1][]{section.5.4}{\376\377\0005\000.\0004\000\040\147\054\172\340\134\017\176\323}{chapter.5}% 40
\BOOKMARK [0][]{chapter.6}{\376\377\173\054\121\155\172\340\000\040\140\073\176\323\116\016\134\125\147\033}{ctitle.-1}% 41
\BOOKMARK [1][]{section.6.1}{\376\377\0006\000.\0001\000\040\121\150\145\207\140\073\176\323}{chapter.6}% 42
\BOOKMARK [1][]{section.6.2}{\376\377\0006\000.\0002\000\040\147\052\147\145\170\024\172\166\134\125\147\033}{chapter.6}% 43
\BOOKMARK [0][]{section*.48}{\376\377\143\322\126\376\175\042\137\025}{ctitle.-1}% 44
\BOOKMARK [0][]{section*.50}{\376\377\210\150\150\074\175\042\137\025}{ctitle.-1}% 45
\BOOKMARK [0][]{section*.52}{\376\377\123\302\200\003\145\207\163\056}{ctitle.-1}% 46
\BOOKMARK [0][]{section*.54}{\376\377\145\073\213\373\116\023\116\032\170\125\130\353\133\146\117\115\147\037\225\364\123\326\137\227\166\204\170\024\172\166\142\020\147\234}{ctitle.-1}% 47
\BOOKMARK [0][]{section*.56}{\376\377\201\364\000\040\214\042}{ctitle.-1}% 48
